<?xml version="1.0" encoding="UTF-8"?>
<!-- Generated by org.testng.reporters.JUnitReportReporter -->
<testsuite hostname="DESKTOP-OA5RU36" failures="0" tests="1" name="com.testCases.TC_LoginDDT_002" time="0.000" errors="0" timestamp="2022-08-09T22:04:04 IST" skipped="1">
  <testcase classname="com.testCases.TC_LoginDDT_002" name="loginDDT" time="0.000">
    <skipped/>
  </testcase> <!-- loginDDT -->
  <system-out/>
</testsuite> <!-- com.testCases.TC_LoginDDT_002 -->
