<?xml version="1.0" encoding="UTF-8"?>
<!-- Generated by org.testng.reporters.JUnitReportReporter -->
<testsuite hostname="DESKTOP-OA5RU36" failures="0" tests="4" name="com.testCases.TC01" time="79.262" errors="0" timestamp="2022-08-14T19:54:40 IST" skipped="0">
  <testcase classname="com.testCases.TC01" name="loginTest" time="44.165"/>
  <system-out/>
  <testcase classname="com.testCases.TC01" name="loginDDT" time="4.816"/>
  <system-out/>
  <testcase classname="com.testCases.TC01" name="Keyword" time="5.224"/>
  <system-out/>
  <testcase classname="com.testCases.TC01" name="Credit" time="25.057"/>
  <system-out/>
</testsuite> <!-- com.testCases.TC01 -->
